<?xml version="1.0" encoding="UTF-8"?>
<testng-results skipped="0" failed="0" ignored="0" total="7" passed="7">
  <reporter-output>
  </reporter-output>
  <suite name="All Test Suite" duration-ms="128124" started-at="2020-01-28T15:47:43 EAT" finished-at="2020-01-28T15:49:51 EAT">
    <groups>
    </groups>
    <test name="C:\Users\CHARLES-QA\eclipse-workspace\IntelliJProjects\TukoSite repo /https://github.com/chweya/TukoSite.git" duration-ms="128124" started-at="2020-01-28T15:47:43 EAT" finished-at="2020-01-28T15:49:51 EAT">
      <class name="pages.LatestCategoryTest">
        <test-method status="PASS" signature="launchBrowser()[pri:0, instance:pages.LatestCategoryTest@1b5bc39d]" name="launchBrowser" is-config="true" duration-ms="65265" started-at="2020-01-28T15:46:38 EAT" finished-at="2020-01-28T15:47:43 EAT">
          <reporter-output>
          </reporter-output>
        </test-method> <!-- launchBrowser -->
        <test-method status="PASS" signature="navigateToLatestNews()[pri:1, instance:pages.LatestCategoryTest@1b5bc39d]" name="navigateToLatestNews" duration-ms="3677" started-at="2020-01-28T15:47:43 EAT" finished-at="2020-01-28T15:47:47 EAT">
          <reporter-output>
          </reporter-output>
        </test-method> <!-- navigateToLatestNews -->
        <test-method status="PASS" signature="getAllPageLinks()[pri:2, instance:pages.LatestCategoryTest@1b5bc39d]" name="getAllPageLinks" duration-ms="685" started-at="2020-01-28T15:47:47 EAT" finished-at="2020-01-28T15:47:48 EAT">
          <reporter-output>
          </reporter-output>
        </test-method> <!-- getAllPageLinks -->
        <test-method status="PASS" signature="scrollToLink()[pri:3, instance:pages.LatestCategoryTest@1b5bc39d]" name="scrollToLink" duration-ms="10070" started-at="2020-01-28T15:47:48 EAT" finished-at="2020-01-28T15:47:58 EAT">
          <reporter-output>
          </reporter-output>
        </test-method> <!-- scrollToLink -->
        <test-method status="PASS" signature="clickPageLink()[pri:4, instance:pages.LatestCategoryTest@1b5bc39d]" name="clickPageLink" duration-ms="9666" started-at="2020-01-28T15:47:58 EAT" finished-at="2020-01-28T15:48:08 EAT">
          <reporter-output>
          </reporter-output>
        </test-method> <!-- clickPageLink -->
        <test-method status="PASS" signature="postStory()[pri:5, instance:pages.LatestCategoryTest@1b5bc39d]" name="postStory" duration-ms="10861" started-at="2020-01-28T15:48:08 EAT" finished-at="2020-01-28T15:48:19 EAT">
          <reporter-output>
          </reporter-output>
        </test-method> <!-- postStory -->
        <test-method status="PASS" signature="publishStory()[pri:7, instance:pages.LatestCategoryTest@1b5bc39d]" name="publishStory" duration-ms="10229" started-at="2020-01-28T15:48:19 EAT" finished-at="2020-01-28T15:48:29 EAT">
          <reporter-output>
          </reporter-output>
        </test-method> <!-- publishStory -->
        <test-method status="PASS" signature="validatePost()[pri:8, instance:pages.LatestCategoryTest@1b5bc39d]" name="validatePost" duration-ms="82347" started-at="2020-01-28T15:48:29 EAT" finished-at="2020-01-28T15:49:51 EAT">
          <reporter-output>
          </reporter-output>
        </test-method> <!-- validatePost -->
        <test-method status="PASS" signature="TearDownTest()[pri:0, instance:pages.LatestCategoryTest@1b5bc39d]" name="TearDownTest" is-config="true" duration-ms="1070" started-at="2020-01-28T15:49:52 EAT" finished-at="2020-01-28T15:49:53 EAT">
          <reporter-output>
          </reporter-output>
        </test-method> <!-- TearDownTest -->
      </class> <!-- pages.LatestCategoryTest -->
    </test> <!-- C:\Users\CHARLES-QA\eclipse-workspace\IntelliJProjects\TukoSite repo /https://github.com/chweya/TukoSite.git -->
  </suite> <!-- All Test Suite -->
</testng-results>
