<?xml version="1.0" encoding="UTF-8"?>
<!-- Generated by org.testng.reporters.JUnitXMLReporter -->
<testsuite hostname="CHWEYA-QA" ignored="0" name="/home/jb/IdeaProjects/websitetuko repo /jonakyp/websitetuko.git" tests="7" failures="0" timestamp="2020-01-28T10:17:58 EAT" time="101.612" errors="0">
  <testcase name="navigateToLatestNews" time="4.079" classname="pages.LatestCategoryTest"/>
  <testcase name="getAllPageLinks" time="0.097" classname="pages.LatestCategoryTest"/>
  <testcase name="scrollToLink" time="0.03" classname="pages.LatestCategoryTest"/>
  <testcase name="clickPageLink" time="3.654" classname="pages.LatestCategoryTest"/>
  <testcase name="postStory" time="8.468" classname="pages.LatestCategoryTest"/>
  <testcase name="publishStory" time="10.228" classname="pages.LatestCategoryTest"/>
  <testcase name="validatePost" time="74.732" classname="pages.LatestCategoryTest"/>
</testsuite> <!-- /home/jb/IdeaProjects/websitetuko repo /jonakyp/websitetuko.git -->
